2018-03-02T17:58:42+00:00 csvm-w18#00 I: Runner: processes
2018-03-02T17:58:42+00:00 csvm-w18#00 I: Chooser: simple
2018-03-02T17:58:42+00:00 csvm-w18#00 I: Configuration suite_name = "all"
2018-03-02T17:58:42+00:00 csvm-w18#00 I: Configuration cache_filename = "/home/student/CS 04/lab4/oUnit-$(suite_name).cache"
2018-03-02T17:58:42+00:00 csvm-w18#00 I: Configuration display = "true"
2018-03-02T17:58:42+00:00 csvm-w18#00 I: Configuration results_style_1_X = "false"
2018-03-02T17:58:42+00:00 csvm-w18#00 I: Configuration verbose = "false"
2018-03-02T17:58:42+00:00 csvm-w18#00 I: Configuration health_check_interval = "1."
2018-03-02T17:58:42+00:00 csvm-w18#00 I: Configuration testdata_dir = "none"
2018-03-02T17:58:42+00:00 csvm-w18#00 I: Configuration chooser = "simple"
2018-03-02T17:58:42+00:00 csvm-w18#00 I: Configuration output_html_dir = "none"
2018-03-02T17:58:42+00:00 csvm-w18#00 I: Configuration processes_kill_period = "5."
2018-03-02T17:58:42+00:00 csvm-w18#00 I: Configuration runner = "processes"
2018-03-02T17:58:42+00:00 csvm-w18#00 I: Configuration shards = "1"
2018-03-02T17:58:42+00:00 csvm-w18#00 I: Configuration processes_grace_period = "5."
2018-03-02T17:58:42+00:00 csvm-w18#00 I: Configuration log_encoding = "utf-8"
2018-03-02T17:58:42+00:00 csvm-w18#00 I: Configuration output_junit_file = "none"
2018-03-02T17:58:42+00:00 csvm-w18#00 I: Configuration output_file = "/home/student/CS 04/lab4/oUnit-$(suite_name)-$(shard_id).log"
2018-03-02T17:58:42+00:00 csvm-w18#00 I: Using 1 workers maximum.
2018-03-02T17:58:42+00:00 csvm-w18#00 I: Starting worker number csvm-w18#01.
2018-03-02T17:58:42+00:00 csvm-w18#00 I: Worker csvm-w18#01 started.
2018-03-02T17:58:42+00:00 csvm-w18#00 I: 1 tests running: all:0:Problem A.1.
2018-03-02T17:58:42+00:00 csvm-w18#01 I: Start test all:0:Problem A.1.
2018-03-02T17:58:42+00:00 csvm-w18#00 I: 1 tests running: all:0:Problem A.1.
2018-03-02T17:58:42+00:00 csvm-w18#01 I: Test all:0:Problem A.1 is successful.
2018-03-02T17:58:42+00:00 csvm-w18#00 I: 1 tests running: all:0:Problem A.1.
2018-03-02T17:58:42+00:00 csvm-w18#01 I: End test all:0:Problem A.1.
2018-03-02T17:58:42+00:00 csvm-w18#00 I: 1 tests running: all:0:Problem A.1.
2018-03-02T17:58:42+00:00 csvm-w18#00 I: 1 tests running: all:1:Problem A.2.
2018-03-02T17:58:42+00:00 csvm-w18#01 I: Start test all:1:Problem A.2.
2018-03-02T17:58:42+00:00 csvm-w18#00 I: 1 tests running: all:1:Problem A.2.
2018-03-02T17:58:42+00:00 csvm-w18#01 I: Test all:1:Problem A.2 is successful.
2018-03-02T17:58:42+00:00 csvm-w18#00 I: 1 tests running: all:1:Problem A.2.
2018-03-02T17:58:42+00:00 csvm-w18#01 I: End test all:1:Problem A.2.
2018-03-02T17:58:42+00:00 csvm-w18#00 I: 1 tests running: all:1:Problem A.2.
2018-03-02T17:58:42+00:00 csvm-w18#00 I: 1 tests running: all:2:Problem A.3.
2018-03-02T17:58:42+00:00 csvm-w18#01 I: Start test all:2:Problem A.3.
2018-03-02T17:58:42+00:00 csvm-w18#00 I: 1 tests running: all:2:Problem A.3.
2018-03-02T17:58:42+00:00 csvm-w18#01 I: Test all:2:Problem A.3 is successful.
2018-03-02T17:58:42+00:00 csvm-w18#00 I: 1 tests running: all:2:Problem A.3.
2018-03-02T17:58:42+00:00 csvm-w18#01 I: End test all:2:Problem A.3.
2018-03-02T17:58:42+00:00 csvm-w18#00 I: 1 tests running: all:2:Problem A.3.
2018-03-02T17:58:42+00:00 csvm-w18#00 I: 1 tests running: all:3:Problem A.4.
2018-03-02T17:58:42+00:00 csvm-w18#01 I: Start test all:3:Problem A.4.
2018-03-02T17:58:42+00:00 csvm-w18#00 I: 1 tests running: all:3:Problem A.4.
2018-03-02T17:58:42+00:00 csvm-w18#01 I: Test all:3:Problem A.4 is successful.
2018-03-02T17:58:42+00:00 csvm-w18#00 I: 1 tests running: all:3:Problem A.4.
2018-03-02T17:58:42+00:00 csvm-w18#01 I: End test all:3:Problem A.4.
2018-03-02T17:58:42+00:00 csvm-w18#00 I: 1 tests running: all:3:Problem A.4.
2018-03-02T17:58:42+00:00 csvm-w18#00 I: 1 tests running: all:4:Problem A.5.
2018-03-02T17:58:42+00:00 csvm-w18#01 I: Start test all:4:Problem A.5.
2018-03-02T17:58:42+00:00 csvm-w18#00 I: 1 tests running: all:4:Problem A.5.
2018-03-02T17:58:42+00:00 csvm-w18#01 I: Test all:4:Problem A.5 is successful.
2018-03-02T17:58:42+00:00 csvm-w18#00 I: 1 tests running: all:4:Problem A.5.
2018-03-02T17:58:42+00:00 csvm-w18#01 I: End test all:4:Problem A.5.
2018-03-02T17:58:42+00:00 csvm-w18#00 I: 1 tests running: all:4:Problem A.5.
2018-03-02T17:58:42+00:00 csvm-w18#00 I: 1 tests running: all:5:Problem A.6.
2018-03-02T17:58:42+00:00 csvm-w18#01 I: Start test all:5:Problem A.6.
2018-03-02T17:58:42+00:00 csvm-w18#00 I: 1 tests running: all:5:Problem A.6.
2018-03-02T17:58:42+00:00 csvm-w18#01 I: Test all:5:Problem A.6 is successful.
2018-03-02T17:58:42+00:00 csvm-w18#00 I: 1 tests running: all:5:Problem A.6.
2018-03-02T17:58:42+00:00 csvm-w18#01 I: End test all:5:Problem A.6.
2018-03-02T17:58:42+00:00 csvm-w18#00 I: 1 tests running: all:5:Problem A.6.
2018-03-02T17:58:42+00:00 csvm-w18#00 I: 1 tests running: all:6:Problem A.7.
2018-03-02T17:58:42+00:00 csvm-w18#01 I: Start test all:6:Problem A.7.
2018-03-02T17:58:42+00:00 csvm-w18#00 I: 1 tests running: all:6:Problem A.7.
2018-03-02T17:58:42+00:00 csvm-w18#01 I: Test all:6:Problem A.7 is successful.
2018-03-02T17:58:42+00:00 csvm-w18#00 I: 1 tests running: all:6:Problem A.7.
2018-03-02T17:58:42+00:00 csvm-w18#01 I: End test all:6:Problem A.7.
2018-03-02T17:58:42+00:00 csvm-w18#00 I: 1 tests running: all:6:Problem A.7.
2018-03-02T17:58:42+00:00 csvm-w18#00 I: 1 tests running: all:7:Problem B.1.
2018-03-02T17:58:42+00:00 csvm-w18#01 I: Start test all:7:Problem B.1.
2018-03-02T17:58:42+00:00 csvm-w18#00 I: 1 tests running: all:7:Problem B.1.
2018-03-02T17:58:42+00:00 csvm-w18#01 I: Test all:7:Problem B.1 is successful.
2018-03-02T17:58:42+00:00 csvm-w18#00 I: 1 tests running: all:7:Problem B.1.
2018-03-02T17:58:42+00:00 csvm-w18#01 I: End test all:7:Problem B.1.
2018-03-02T17:58:42+00:00 csvm-w18#00 I: 1 tests running: all:7:Problem B.1.
2018-03-02T17:58:42+00:00 csvm-w18#00 I: 1 tests running: all:8:Problem B.4.
2018-03-02T17:58:42+00:00 csvm-w18#01 I: Start test all:8:Problem B.4.
2018-03-02T17:58:42+00:00 csvm-w18#00 I: 1 tests running: all:8:Problem B.4.
2018-03-02T17:58:42+00:00 csvm-w18#01 I: Test all:8:Problem B.4 is successful.
2018-03-02T17:58:42+00:00 csvm-w18#00 I: 1 tests running: all:8:Problem B.4.
2018-03-02T17:58:42+00:00 csvm-w18#01 I: End test all:8:Problem B.4.
2018-03-02T17:58:42+00:00 csvm-w18#00 I: 1 tests running: all:8:Problem B.4.
2018-03-02T17:58:42+00:00 csvm-w18#00 I: 1 tests running: all:9:Problem C.1.
2018-03-02T17:58:42+00:00 csvm-w18#01 I: Start test all:9:Problem C.1.
2018-03-02T17:58:42+00:00 csvm-w18#00 I: 1 tests running: all:9:Problem C.1.
2018-03-02T17:58:42+00:00 csvm-w18#01 I: Test all:9:Problem C.1 is successful.
2018-03-02T17:58:42+00:00 csvm-w18#00 I: 1 tests running: all:9:Problem C.1.
2018-03-02T17:58:42+00:00 csvm-w18#01 I: End test all:9:Problem C.1.
2018-03-02T17:58:42+00:00 csvm-w18#00 I: 1 tests running: all:9:Problem C.1.
2018-03-02T17:58:42+00:00 csvm-w18#00 I: Still 1 tests running : all:10:Problem C.2.
2018-03-02T17:58:42+00:00 csvm-w18#00 I: 1 tests running: all:10:Problem C.2.
2018-03-02T17:58:42+00:00 csvm-w18#01 I: Start test all:10:Problem C.2.
2018-03-02T17:58:42+00:00 csvm-w18#00 I: Still 1 tests running : all:10:Problem C.2.
2018-03-02T17:58:42+00:00 csvm-w18#00 I: 1 tests running: all:10:Problem C.2.
2018-03-02T17:58:42+00:00 csvm-w18#01 E: Test all:10:Problem C.2 has failed.
2018-03-02T17:58:42+00:00 csvm-w18#01 E: not equal in test all:10:Problem C.2.
2018-03-02T17:58:42+00:00 csvm-w18#01 E: Called from unknown location
2018-03-02T17:58:42+00:00 csvm-w18#01 E: Called from unknown location
2018-03-02T17:58:42+00:00 csvm-w18#01 E: 
2018-03-02T17:58:42+00:00 csvm-w18#00 I: Still 1 tests running : all:10:Problem C.2.
2018-03-02T17:58:42+00:00 csvm-w18#00 I: 1 tests running: all:10:Problem C.2.
2018-03-02T17:58:42+00:00 csvm-w18#01 I: End test all:10:Problem C.2.
2018-03-02T17:58:42+00:00 csvm-w18#00 I: Still 1 tests running : all:10:Problem C.2.
2018-03-02T17:58:42+00:00 csvm-w18#00 I: 1 tests running: all:10:Problem C.2.
2018-03-02T17:58:42+00:00 csvm-w18#00 I: 0 tests running: .
2018-03-02T17:58:42+00:00 csvm-w18#00 I: Worker csvm-w18#01 has ended.
2018-03-02T17:58:42+00:00 csvm-w18#00 I: Used 1 worker during test execution.
2018-03-02T17:58:42+00:00 csvm-w18#00 I: Run 11 tests with shard csvm-w18#01.
2018-03-02T17:58:42+00:00 csvm-w18#00 I: ==============
2018-03-02T17:58:42+00:00 csvm-w18#00 I: Summary:
2018-03-02T17:58:42+00:00 csvm-w18#00 E: Test all:10:Problem C.2 has failed.
2018-03-02T17:58:42+00:00 csvm-w18#00 E: not equal in test all:10:Problem C.2.
2018-03-02T17:58:42+00:00 csvm-w18#00 E: Called from unknown location
2018-03-02T17:58:42+00:00 csvm-w18#00 E: Called from unknown location
2018-03-02T17:58:42+00:00 csvm-w18#00 E: 
2018-03-02T17:58:42+00:00 csvm-w18#00 I: Test all:9:Problem C.1 is successful.
2018-03-02T17:58:42+00:00 csvm-w18#00 I: Test all:8:Problem B.4 is successful.
2018-03-02T17:58:42+00:00 csvm-w18#00 I: Test all:7:Problem B.1 is successful.
2018-03-02T17:58:42+00:00 csvm-w18#00 I: Test all:6:Problem A.7 is successful.
2018-03-02T17:58:42+00:00 csvm-w18#00 I: Test all:5:Problem A.6 is successful.
2018-03-02T17:58:42+00:00 csvm-w18#00 I: Test all:4:Problem A.5 is successful.
2018-03-02T17:58:42+00:00 csvm-w18#00 I: Test all:3:Problem A.4 is successful.
2018-03-02T17:58:42+00:00 csvm-w18#00 I: Test all:2:Problem A.3 is successful.
2018-03-02T17:58:42+00:00 csvm-w18#00 I: Test all:1:Problem A.2 is successful.
2018-03-02T17:58:42+00:00 csvm-w18#00 I: Test all:0:Problem A.1 is successful.
2018-03-02T17:58:42+00:00 csvm-w18#00 I: Ran: 11 tests in: 0.12 seconds.
2018-03-02T17:58:42+00:00 csvm-w18#00 I: Cases: 11.
2018-03-02T17:58:42+00:00 csvm-w18#00 I: Tried: 11.
2018-03-02T17:58:42+00:00 csvm-w18#00 I: Errors: 0.
2018-03-02T17:58:42+00:00 csvm-w18#00 I: Failures: 1.
2018-03-02T17:58:42+00:00 csvm-w18#00 I: Skip: 0.
2018-03-02T17:58:42+00:00 csvm-w18#00 I: Todo: 0.
2018-03-02T17:58:42+00:00 csvm-w18#00 I: Timeout: 0.
