2018-02-21T05:06:38+00:00 csvm-w18#00 I: Runner: processes
2018-02-21T05:06:38+00:00 csvm-w18#00 I: Chooser: simple
2018-02-21T05:06:38+00:00 csvm-w18#00 I: Configuration suite_name = "all"
2018-02-21T05:06:38+00:00 csvm-w18#00 I: Configuration cache_filename = "/home/student/CS 04/lab5/oUnit-$(suite_name).cache"
2018-02-21T05:06:38+00:00 csvm-w18#00 I: Configuration display = "true"
2018-02-21T05:06:38+00:00 csvm-w18#00 I: Configuration results_style_1_X = "false"
2018-02-21T05:06:38+00:00 csvm-w18#00 I: Configuration verbose = "false"
2018-02-21T05:06:38+00:00 csvm-w18#00 I: Configuration health_check_interval = "1."
2018-02-21T05:06:38+00:00 csvm-w18#00 I: Configuration testdata_dir = "none"
2018-02-21T05:06:38+00:00 csvm-w18#00 I: Configuration chooser = "simple"
2018-02-21T05:06:38+00:00 csvm-w18#00 I: Configuration output_html_dir = "none"
2018-02-21T05:06:38+00:00 csvm-w18#00 I: Configuration processes_kill_period = "5."
2018-02-21T05:06:38+00:00 csvm-w18#00 I: Configuration runner = "processes"
2018-02-21T05:06:38+00:00 csvm-w18#00 I: Configuration shards = "1"
2018-02-21T05:06:38+00:00 csvm-w18#00 I: Configuration processes_grace_period = "5."
2018-02-21T05:06:38+00:00 csvm-w18#00 I: Configuration log_encoding = "utf-8"
2018-02-21T05:06:38+00:00 csvm-w18#00 I: Configuration output_junit_file = "none"
2018-02-21T05:06:38+00:00 csvm-w18#00 I: Configuration output_file = "/home/student/CS 04/lab5/oUnit-$(suite_name)-$(shard_id).log"
2018-02-21T05:06:38+00:00 csvm-w18#00 I: Using 1 workers maximum.
2018-02-21T05:06:38+00:00 csvm-w18#00 I: Starting worker number csvm-w18#01.
2018-02-21T05:06:38+00:00 csvm-w18#00 I: Worker csvm-w18#01 started.
2018-02-21T05:06:38+00:00 csvm-w18#00 I: 1 tests running: all:0:Problem A.1.
2018-02-21T05:06:38+00:00 csvm-w18#01 I: Start test all:0:Problem A.1.
2018-02-21T05:06:38+00:00 csvm-w18#00 I: 1 tests running: all:0:Problem A.1.
2018-02-21T05:06:38+00:00 csvm-w18#01 I: Test all:0:Problem A.1 is successful.
2018-02-21T05:06:38+00:00 csvm-w18#00 I: 1 tests running: all:0:Problem A.1.
2018-02-21T05:06:38+00:00 csvm-w18#01 I: End test all:0:Problem A.1.
2018-02-21T05:06:38+00:00 csvm-w18#00 I: 1 tests running: all:0:Problem A.1.
2018-02-21T05:06:38+00:00 csvm-w18#00 I: 1 tests running: all:1:Problem A.2.
2018-02-21T05:06:38+00:00 csvm-w18#01 I: Start test all:1:Problem A.2.
2018-02-21T05:06:38+00:00 csvm-w18#00 I: 1 tests running: all:1:Problem A.2.
2018-02-21T05:06:38+00:00 csvm-w18#01 I: Test all:1:Problem A.2 is successful.
2018-02-21T05:06:38+00:00 csvm-w18#00 I: 1 tests running: all:1:Problem A.2.
2018-02-21T05:06:38+00:00 csvm-w18#01 I: End test all:1:Problem A.2.
2018-02-21T05:06:38+00:00 csvm-w18#00 I: 1 tests running: all:1:Problem A.2.
2018-02-21T05:06:38+00:00 csvm-w18#00 I: Still 1 tests running : all:2:Problem B.1.
2018-02-21T05:06:38+00:00 csvm-w18#00 I: 1 tests running: all:2:Problem B.1.
2018-02-21T05:06:38+00:00 csvm-w18#01 I: Start test all:2:Problem B.1.
2018-02-21T05:06:38+00:00 csvm-w18#00 I: Still 1 tests running : all:2:Problem B.1.
2018-02-21T05:06:38+00:00 csvm-w18#00 I: 1 tests running: all:2:Problem B.1.
2018-02-21T05:06:38+00:00 csvm-w18#01 I: Test all:2:Problem B.1 is successful.
2018-02-21T05:06:38+00:00 csvm-w18#00 I: Still 1 tests running : all:2:Problem B.1.
2018-02-21T05:06:38+00:00 csvm-w18#00 I: 1 tests running: all:2:Problem B.1.
2018-02-21T05:06:38+00:00 csvm-w18#01 I: End test all:2:Problem B.1.
2018-02-21T05:06:38+00:00 csvm-w18#00 I: Still 1 tests running : all:2:Problem B.1.
2018-02-21T05:06:38+00:00 csvm-w18#00 I: 1 tests running: all:2:Problem B.1.
2018-02-21T05:06:38+00:00 csvm-w18#00 I: 0 tests running: .
2018-02-21T05:06:38+00:00 csvm-w18#00 I: Worker csvm-w18#01 has ended.
2018-02-21T05:06:38+00:00 csvm-w18#00 I: Used 1 worker during test execution.
2018-02-21T05:06:38+00:00 csvm-w18#00 I: Run 3 tests with shard csvm-w18#01.
2018-02-21T05:06:38+00:00 csvm-w18#00 I: ==============
2018-02-21T05:06:38+00:00 csvm-w18#00 I: Summary:
2018-02-21T05:06:38+00:00 csvm-w18#00 I: Test all:2:Problem B.1 is successful.
2018-02-21T05:06:38+00:00 csvm-w18#00 I: Test all:1:Problem A.2 is successful.
2018-02-21T05:06:38+00:00 csvm-w18#00 I: Test all:0:Problem A.1 is successful.
2018-02-21T05:06:38+00:00 csvm-w18#00 I: Ran: 3 tests in: 0.10 seconds.
2018-02-21T05:06:38+00:00 csvm-w18#00 I: Cases: 3.
2018-02-21T05:06:38+00:00 csvm-w18#00 I: Tried: 3.
2018-02-21T05:06:38+00:00 csvm-w18#00 I: Errors: 0.
2018-02-21T05:06:38+00:00 csvm-w18#00 I: Failures: 0.
2018-02-21T05:06:38+00:00 csvm-w18#00 I: Skip: 0.
2018-02-21T05:06:38+00:00 csvm-w18#00 I: Todo: 0.
2018-02-21T05:06:38+00:00 csvm-w18#00 I: Timeout: 0.
