2018-02-20T04:06:21+00:00 csvm-w18#00 I: Runner: processes
2018-02-20T04:06:21+00:00 csvm-w18#00 I: Chooser: simple
2018-02-20T04:06:21+00:00 csvm-w18#00 I: Configuration suite_name = "all"
2018-02-20T04:06:21+00:00 csvm-w18#00 I: Configuration cache_filename = "/home/student/CS 04/lab2/oUnit-$(suite_name).cache"
2018-02-20T04:06:21+00:00 csvm-w18#00 I: Configuration display = "true"
2018-02-20T04:06:21+00:00 csvm-w18#00 I: Configuration results_style_1_X = "false"
2018-02-20T04:06:21+00:00 csvm-w18#00 I: Configuration verbose = "false"
2018-02-20T04:06:21+00:00 csvm-w18#00 I: Configuration health_check_interval = "1."
2018-02-20T04:06:21+00:00 csvm-w18#00 I: Configuration testdata_dir = "none"
2018-02-20T04:06:21+00:00 csvm-w18#00 I: Configuration chooser = "simple"
2018-02-20T04:06:21+00:00 csvm-w18#00 I: Configuration output_html_dir = "none"
2018-02-20T04:06:21+00:00 csvm-w18#00 I: Configuration processes_kill_period = "5."
2018-02-20T04:06:21+00:00 csvm-w18#00 I: Configuration runner = "processes"
2018-02-20T04:06:21+00:00 csvm-w18#00 I: Configuration shards = "1"
2018-02-20T04:06:21+00:00 csvm-w18#00 I: Configuration processes_grace_period = "5."
2018-02-20T04:06:21+00:00 csvm-w18#00 I: Configuration log_encoding = "utf-8"
2018-02-20T04:06:21+00:00 csvm-w18#00 I: Configuration output_junit_file = "none"
2018-02-20T04:06:21+00:00 csvm-w18#00 I: Configuration output_file = "/home/student/CS 04/lab2/oUnit-$(suite_name)-$(shard_id).log"
2018-02-20T04:06:21+00:00 csvm-w18#00 I: Using 1 workers maximum.
2018-02-20T04:06:21+00:00 csvm-w18#00 I: Starting worker number csvm-w18#01.
2018-02-20T04:06:21+00:00 csvm-w18#00 I: Worker csvm-w18#01 started.
2018-02-20T04:06:21+00:00 csvm-w18#00 I: 1 tests running: all:0:fast_expt.
2018-02-20T04:06:21+00:00 csvm-w18#01 I: Start test all:0:fast_expt.
2018-02-20T04:06:21+00:00 csvm-w18#00 I: 1 tests running: all:0:fast_expt.
2018-02-20T04:06:21+00:00 csvm-w18#01 I: Test all:0:fast_expt is successful.
2018-02-20T04:06:21+00:00 csvm-w18#00 I: 1 tests running: all:0:fast_expt.
2018-02-20T04:06:21+00:00 csvm-w18#01 I: End test all:0:fast_expt.
2018-02-20T04:06:21+00:00 csvm-w18#00 I: 1 tests running: all:0:fast_expt.
2018-02-20T04:06:21+00:00 csvm-w18#00 I: 1 tests running: all:1:ifast_expt.
2018-02-20T04:06:21+00:00 csvm-w18#01 I: Start test all:1:ifast_expt.
2018-02-20T04:06:21+00:00 csvm-w18#00 I: 1 tests running: all:1:ifast_expt.
2018-02-20T04:06:21+00:00 csvm-w18#01 I: Test all:1:ifast_expt is successful.
2018-02-20T04:06:21+00:00 csvm-w18#00 I: 1 tests running: all:1:ifast_expt.
2018-02-20T04:06:21+00:00 csvm-w18#01 I: End test all:1:ifast_expt.
2018-02-20T04:06:21+00:00 csvm-w18#00 I: 1 tests running: all:1:ifast_expt.
2018-02-20T04:06:21+00:00 csvm-w18#00 I: 1 tests running: all:2:fast_mult.
2018-02-20T04:06:21+00:00 csvm-w18#01 I: Start test all:2:fast_mult.
2018-02-20T04:06:21+00:00 csvm-w18#00 I: 1 tests running: all:2:fast_mult.
2018-02-20T04:06:21+00:00 csvm-w18#01 I: Test all:2:fast_mult is successful.
2018-02-20T04:06:21+00:00 csvm-w18#00 I: 1 tests running: all:2:fast_mult.
2018-02-20T04:06:21+00:00 csvm-w18#01 I: End test all:2:fast_mult.
2018-02-20T04:06:21+00:00 csvm-w18#00 I: 1 tests running: all:2:fast_mult.
2018-02-20T04:06:21+00:00 csvm-w18#00 I: 1 tests running: all:3:ifast_mult.
2018-02-20T04:06:21+00:00 csvm-w18#01 I: Start test all:3:ifast_mult.
2018-02-20T04:06:21+00:00 csvm-w18#00 I: 1 tests running: all:3:ifast_mult.
2018-02-20T04:06:21+00:00 csvm-w18#01 I: Test all:3:ifast_mult is successful.
2018-02-20T04:06:21+00:00 csvm-w18#00 I: 1 tests running: all:3:ifast_mult.
2018-02-20T04:06:21+00:00 csvm-w18#01 I: End test all:3:ifast_mult.
2018-02-20T04:06:21+00:00 csvm-w18#00 I: 1 tests running: all:3:ifast_mult.
2018-02-20T04:06:21+00:00 csvm-w18#00 I: 1 tests running: all:4:isum.
2018-02-20T04:06:21+00:00 csvm-w18#01 I: Start test all:4:isum.
2018-02-20T04:06:21+00:00 csvm-w18#00 I: 1 tests running: all:4:isum.
2018-02-20T04:06:21+00:00 csvm-w18#01 I: Test all:4:isum is successful.
2018-02-20T04:06:21+00:00 csvm-w18#00 I: 1 tests running: all:4:isum.
2018-02-20T04:06:21+00:00 csvm-w18#01 I: End test all:4:isum.
2018-02-20T04:06:21+00:00 csvm-w18#00 I: 1 tests running: all:4:isum.
2018-02-20T04:06:21+00:00 csvm-w18#00 I: 1 tests running: all:5:product_rec.
2018-02-20T04:06:21+00:00 csvm-w18#01 I: Start test all:5:product_rec.
2018-02-20T04:06:21+00:00 csvm-w18#00 I: 1 tests running: all:5:product_rec.
2018-02-20T04:06:21+00:00 csvm-w18#01 I: Test all:5:product_rec is successful.
2018-02-20T04:06:21+00:00 csvm-w18#00 I: 1 tests running: all:5:product_rec.
2018-02-20T04:06:21+00:00 csvm-w18#01 I: End test all:5:product_rec.
2018-02-20T04:06:21+00:00 csvm-w18#00 I: 1 tests running: all:5:product_rec.
2018-02-20T04:06:21+00:00 csvm-w18#00 I: 1 tests running: all:6:factorial_rec.
2018-02-20T04:06:21+00:00 csvm-w18#01 I: Start test all:6:factorial_rec.
2018-02-20T04:06:21+00:00 csvm-w18#00 I: 1 tests running: all:6:factorial_rec.
2018-02-20T04:06:21+00:00 csvm-w18#01 I: Test all:6:factorial_rec is successful.
2018-02-20T04:06:21+00:00 csvm-w18#00 I: 1 tests running: all:6:factorial_rec.
2018-02-20T04:06:21+00:00 csvm-w18#01 I: End test all:6:factorial_rec.
2018-02-20T04:06:21+00:00 csvm-w18#00 I: 1 tests running: all:6:factorial_rec.
2018-02-20T04:06:21+00:00 csvm-w18#00 I: 1 tests running: all:7:product_iter.
2018-02-20T04:06:21+00:00 csvm-w18#01 I: Start test all:7:product_iter.
2018-02-20T04:06:21+00:00 csvm-w18#00 I: 1 tests running: all:7:product_iter.
2018-02-20T04:06:21+00:00 csvm-w18#01 I: Test all:7:product_iter is successful.
2018-02-20T04:06:21+00:00 csvm-w18#00 I: 1 tests running: all:7:product_iter.
2018-02-20T04:06:21+00:00 csvm-w18#01 I: End test all:7:product_iter.
2018-02-20T04:06:21+00:00 csvm-w18#00 I: 1 tests running: all:7:product_iter.
2018-02-20T04:06:21+00:00 csvm-w18#00 I: 1 tests running: all:8:factorial_iter.
2018-02-20T04:06:21+00:00 csvm-w18#01 I: Start test all:8:factorial_iter.
2018-02-20T04:06:21+00:00 csvm-w18#00 I: 1 tests running: all:8:factorial_iter.
2018-02-20T04:06:21+00:00 csvm-w18#01 I: Test all:8:factorial_iter is successful.
2018-02-20T04:06:21+00:00 csvm-w18#00 I: 1 tests running: all:8:factorial_iter.
2018-02-20T04:06:21+00:00 csvm-w18#01 I: End test all:8:factorial_iter.
2018-02-20T04:06:21+00:00 csvm-w18#00 I: 1 tests running: all:8:factorial_iter.
2018-02-20T04:06:21+00:00 csvm-w18#00 I: 1 tests running: all:9:pi_approx.
2018-02-20T04:06:21+00:00 csvm-w18#01 I: Start test all:9:pi_approx.
2018-02-20T04:06:21+00:00 csvm-w18#00 I: 1 tests running: all:9:pi_approx.
2018-02-20T04:06:21+00:00 csvm-w18#01 I: Test all:9:pi_approx is successful.
2018-02-20T04:06:21+00:00 csvm-w18#00 I: 1 tests running: all:9:pi_approx.
2018-02-20T04:06:21+00:00 csvm-w18#01 I: End test all:9:pi_approx.
2018-02-20T04:06:21+00:00 csvm-w18#00 I: 1 tests running: all:9:pi_approx.
2018-02-20T04:06:21+00:00 csvm-w18#00 I: 1 tests running: all:10:sum.
2018-02-20T04:06:21+00:00 csvm-w18#01 I: Start test all:10:sum.
2018-02-20T04:06:21+00:00 csvm-w18#00 I: 1 tests running: all:10:sum.
2018-02-20T04:06:21+00:00 csvm-w18#01 I: Test all:10:sum is successful.
2018-02-20T04:06:21+00:00 csvm-w18#00 I: 1 tests running: all:10:sum.
2018-02-20T04:06:21+00:00 csvm-w18#01 I: End test all:10:sum.
2018-02-20T04:06:21+00:00 csvm-w18#00 I: 1 tests running: all:10:sum.
2018-02-20T04:06:21+00:00 csvm-w18#00 I: 1 tests running: all:11:product.
2018-02-20T04:06:21+00:00 csvm-w18#01 I: Start test all:11:product.
2018-02-20T04:06:21+00:00 csvm-w18#00 I: 1 tests running: all:11:product.
2018-02-20T04:06:21+00:00 csvm-w18#01 I: Test all:11:product is successful.
2018-02-20T04:06:21+00:00 csvm-w18#00 I: 1 tests running: all:11:product.
2018-02-20T04:06:21+00:00 csvm-w18#01 I: End test all:11:product.
2018-02-20T04:06:21+00:00 csvm-w18#00 I: 1 tests running: all:11:product.
2018-02-20T04:06:21+00:00 csvm-w18#00 I: 1 tests running: all:12:compose.
2018-02-20T04:06:21+00:00 csvm-w18#01 I: Start test all:12:compose.
2018-02-20T04:06:21+00:00 csvm-w18#00 I: 1 tests running: all:12:compose.
2018-02-20T04:06:21+00:00 csvm-w18#01 I: Test all:12:compose is successful.
2018-02-20T04:06:21+00:00 csvm-w18#00 I: 1 tests running: all:12:compose.
2018-02-20T04:06:21+00:00 csvm-w18#01 I: End test all:12:compose.
2018-02-20T04:06:21+00:00 csvm-w18#00 I: 1 tests running: all:12:compose.
2018-02-20T04:06:21+00:00 csvm-w18#00 I: 1 tests running: all:13:repeated.
2018-02-20T04:06:21+00:00 csvm-w18#01 I: Start test all:13:repeated.
2018-02-20T04:06:21+00:00 csvm-w18#00 I: 1 tests running: all:13:repeated.
2018-02-20T04:06:21+00:00 csvm-w18#01 I: Test all:13:repeated is successful.
2018-02-20T04:06:21+00:00 csvm-w18#00 I: 1 tests running: all:13:repeated.
2018-02-20T04:06:21+00:00 csvm-w18#01 I: End test all:13:repeated.
2018-02-20T04:06:21+00:00 csvm-w18#00 I: 1 tests running: all:13:repeated.
2018-02-20T04:06:21+00:00 csvm-w18#00 I: 1 tests running: all:14:is_prime.
2018-02-20T04:06:21+00:00 csvm-w18#01 I: Start test all:14:is_prime.
2018-02-20T04:06:21+00:00 csvm-w18#00 I: 1 tests running: all:14:is_prime.
2018-02-20T04:06:21+00:00 csvm-w18#01 I: Test all:14:is_prime is successful.
2018-02-20T04:06:21+00:00 csvm-w18#00 I: 1 tests running: all:14:is_prime.
2018-02-20T04:06:21+00:00 csvm-w18#01 I: End test all:14:is_prime.
2018-02-20T04:06:21+00:00 csvm-w18#00 I: 1 tests running: all:14:is_prime.
2018-02-20T04:06:21+00:00 csvm-w18#00 I: Still 1 tests running : all:15:smallest_prime_factor.
2018-02-20T04:06:21+00:00 csvm-w18#00 I: 1 tests running: all:15:smallest_prime_factor.
2018-02-20T04:06:21+00:00 csvm-w18#01 I: Start test all:15:smallest_prime_factor.
2018-02-20T04:06:21+00:00 csvm-w18#00 I: Still 1 tests running : all:15:smallest_prime_factor.
2018-02-20T04:06:21+00:00 csvm-w18#00 I: 1 tests running: all:15:smallest_prime_factor.
2018-02-20T04:06:21+00:00 csvm-w18#01 I: Test all:15:smallest_prime_factor is successful.
2018-02-20T04:06:21+00:00 csvm-w18#00 I: Still 1 tests running : all:15:smallest_prime_factor.
2018-02-20T04:06:21+00:00 csvm-w18#00 I: 1 tests running: all:15:smallest_prime_factor.
2018-02-20T04:06:21+00:00 csvm-w18#01 I: End test all:15:smallest_prime_factor.
2018-02-20T04:06:21+00:00 csvm-w18#00 I: Still 1 tests running : all:15:smallest_prime_factor.
2018-02-20T04:06:21+00:00 csvm-w18#00 I: 1 tests running: all:15:smallest_prime_factor.
2018-02-20T04:06:21+00:00 csvm-w18#00 I: 0 tests running: .
2018-02-20T04:06:21+00:00 csvm-w18#00 I: Worker csvm-w18#01 has ended.
2018-02-20T04:06:21+00:00 csvm-w18#00 I: Used 1 worker during test execution.
2018-02-20T04:06:21+00:00 csvm-w18#00 I: Run 16 tests with shard csvm-w18#01.
2018-02-20T04:06:21+00:00 csvm-w18#00 I: ==============
2018-02-20T04:06:21+00:00 csvm-w18#00 I: Summary:
2018-02-20T04:06:21+00:00 csvm-w18#00 I: Test all:15:smallest_prime_factor is successful.
2018-02-20T04:06:21+00:00 csvm-w18#00 I: Test all:14:is_prime is successful.
2018-02-20T04:06:21+00:00 csvm-w18#00 I: Test all:13:repeated is successful.
2018-02-20T04:06:21+00:00 csvm-w18#00 I: Test all:12:compose is successful.
2018-02-20T04:06:21+00:00 csvm-w18#00 I: Test all:11:product is successful.
2018-02-20T04:06:21+00:00 csvm-w18#00 I: Test all:10:sum is successful.
2018-02-20T04:06:21+00:00 csvm-w18#00 I: Test all:9:pi_approx is successful.
2018-02-20T04:06:21+00:00 csvm-w18#00 I: Test all:8:factorial_iter is successful.
2018-02-20T04:06:21+00:00 csvm-w18#00 I: Test all:7:product_iter is successful.
2018-02-20T04:06:21+00:00 csvm-w18#00 I: Test all:6:factorial_rec is successful.
2018-02-20T04:06:21+00:00 csvm-w18#00 I: Test all:5:product_rec is successful.
2018-02-20T04:06:21+00:00 csvm-w18#00 I: Test all:4:isum is successful.
2018-02-20T04:06:21+00:00 csvm-w18#00 I: Test all:3:ifast_mult is successful.
2018-02-20T04:06:21+00:00 csvm-w18#00 I: Test all:2:fast_mult is successful.
2018-02-20T04:06:21+00:00 csvm-w18#00 I: Test all:1:ifast_expt is successful.
2018-02-20T04:06:21+00:00 csvm-w18#00 I: Test all:0:fast_expt is successful.
2018-02-20T04:06:21+00:00 csvm-w18#00 I: Ran: 16 tests in: 0.13 seconds.
2018-02-20T04:06:21+00:00 csvm-w18#00 I: Cases: 16.
2018-02-20T04:06:21+00:00 csvm-w18#00 I: Tried: 16.
2018-02-20T04:06:21+00:00 csvm-w18#00 I: Errors: 0.
2018-02-20T04:06:21+00:00 csvm-w18#00 I: Failures: 0.
2018-02-20T04:06:21+00:00 csvm-w18#00 I: Skip: 0.
2018-02-20T04:06:21+00:00 csvm-w18#00 I: Todo: 0.
2018-02-20T04:06:21+00:00 csvm-w18#00 I: Timeout: 0.
